{"level":"INFO","message":"[2:47:49.895 PM]: Creating new connection object"}
{"level":"INFO","message":"[2:47:49.905 PM]: Creating Connection[id: 566b3943-cef1-4fa0-9f2c-b8f7f9d31ae4] with host: sm23176.ap-northeast-1.aws.snowflakecomputing.com, account: sm23176, accessUrl: https://sm23176.ap-northeast-1.aws.snowflakecomputing.com, user: MY_FLOW_API, role: PUBLIC, database: MY_FLOW_API_ROLE, schema: undefined, warehouse: MY_FLOW_WH, proxy was not configured, password is not provided, region: ap-northeast-1.aws, authenticator: SNOWFLAKE_JWT, ocsp mode: FAIL_OPEN, os: win32, os version: 10.0.26100"}
{"level":"INFO","message":"[2:47:49.906 PM]: Connection[id: 566b3943-cef1-4fa0-9f2c-b8f7f9d31ae4] additional details: passcode in password is provided, passcode is not provided, private key is provided, application: undefined, client name: snowflake-sdk, client version: 2.2.0, retry timeout: 300, private key path: undefined, private key pass is not provided, client store temporary credential: false, browser response timeout: 120000"}
{"level":"INFO","message":"[2:47:49.907 PM]: Connection[id: 566b3943-cef1-4fa0-9f2c-b8f7f9d31ae4] - connection object created successfully."}
{"level":"INFO","message":"[2:47:49.907 PM]: Connection[id: 566b3943-cef1-4fa0-9f2c-b8f7f9d31ae4] - connecting. Associated Snowflake domain: GLOBAL"}
{"level":"INFO","message":"[2:47:49.913 PM]: Connection[id: 566b3943-cef1-4fa0-9f2c-b8f7f9d31ae4] - authentication successful using: SNOWFLAKE_JWT"}
{"level":"INFO","message":"[2:47:49.914 PM]: Trying to initialize Easy Logging"}
{"level":"INFO","message":"[2:47:49.917 PM]: No client config detected."}
{"level":"INFO","message":"[2:47:49.919 PM]: No config file path found. Client config will not be used."}
{"level":"INFO","message":"[2:47:49.920 PM]: Easy Logging is disabled as no config has been found"}
{"level":"INFO","message":"[2:47:49.923 PM]: Connection[id: 566b3943-cef1-4fa0-9f2c-b8f7f9d31ae4] - connected successfully after 15.549200000000042 milliseconds"}
{"level":"INFO","message":"[2:54:54.516 PM]: Creating new connection object"}
{"level":"INFO","message":"[2:54:54.528 PM]: Creating Connection[id: 02cbef0b-eb63-4dca-a44c-711c77ff292d] with host: sm23176.ap-northeast-1.aws.snowflakecomputing.com, account: sm23176, accessUrl: https://sm23176.ap-northeast-1.aws.snowflakecomputing.com, user: MY_FLOW_API, role: MY_FLOW_API_ROLE, database: MY_FLOW, schema: undefined, warehouse: MY_FLOW_WH, proxy was not configured, password is not provided, region: ap-northeast-1.aws, authenticator: SNOWFLAKE_JWT, ocsp mode: FAIL_OPEN, os: win32, os version: 10.0.26100"}
{"level":"INFO","message":"[2:54:54.529 PM]: Connection[id: 02cbef0b-eb63-4dca-a44c-711c77ff292d] additional details: passcode in password is provided, passcode is not provided, private key is provided, application: undefined, client name: snowflake-sdk, client version: 2.2.0, retry timeout: 300, private key path: undefined, private key pass is not provided, client store temporary credential: false, browser response timeout: 120000"}
{"level":"INFO","message":"[2:54:54.530 PM]: Connection[id: 02cbef0b-eb63-4dca-a44c-711c77ff292d] - connection object created successfully."}
{"level":"INFO","message":"[2:54:54.531 PM]: Connection[id: 02cbef0b-eb63-4dca-a44c-711c77ff292d] - connecting. Associated Snowflake domain: GLOBAL"}
{"level":"INFO","message":"[2:54:54.542 PM]: Connection[id: 02cbef0b-eb63-4dca-a44c-711c77ff292d] - authentication successful using: SNOWFLAKE_JWT"}
{"level":"INFO","message":"[2:54:54.543 PM]: Trying to initialize Easy Logging"}
{"level":"INFO","message":"[2:54:54.547 PM]: No client config detected."}
{"level":"INFO","message":"[2:54:54.548 PM]: No config file path found. Client config will not be used."}
{"level":"INFO","message":"[2:54:54.548 PM]: Easy Logging is disabled as no config has been found"}
{"level":"INFO","message":"[2:54:54.553 PM]: Connection[id: 02cbef0b-eb63-4dca-a44c-711c77ff292d] - connected successfully after 22.40879999999993 milliseconds"}
{"level":"INFO","message":"[3:03:01.915 PM]: Creating new connection object"}
{"level":"INFO","message":"[3:03:01.927 PM]: Creating Connection[id: 6ade0d63-c0cf-4d68-8428-ad66a6297186] with host: sm23176.ap-northeast-1.aws.snowflakecomputing.com, account: sm23176, accessUrl: https://sm23176.ap-northeast-1.aws.snowflakecomputing.com, user: MY_FLOW_API, role: MY_FLOW_API_ROLE, database: MY_FLOW, schema: undefined, warehouse: MY_FLOW_WH, proxy was not configured, password is not provided, region: ap-northeast-1.aws, authenticator: SNOWFLAKE_JWT, ocsp mode: FAIL_OPEN, os: win32, os version: 10.0.26100"}
{"level":"INFO","message":"[3:03:01.928 PM]: Connection[id: 6ade0d63-c0cf-4d68-8428-ad66a6297186] additional details: passcode in password is provided, passcode is not provided, private key is provided, application: undefined, client name: snowflake-sdk, client version: 2.2.0, retry timeout: 300, private key path: undefined, private key pass is not provided, client store temporary credential: false, browser response timeout: 120000"}
{"level":"INFO","message":"[3:03:01.928 PM]: Connection[id: 6ade0d63-c0cf-4d68-8428-ad66a6297186] - connection object created successfully."}
{"level":"INFO","message":"[3:03:01.929 PM]: Connection[id: 6ade0d63-c0cf-4d68-8428-ad66a6297186] - connecting. Associated Snowflake domain: GLOBAL"}
{"level":"INFO","message":"[3:03:01.935 PM]: Connection[id: 6ade0d63-c0cf-4d68-8428-ad66a6297186] - authentication successful using: SNOWFLAKE_JWT"}
{"level":"INFO","message":"[3:03:01.936 PM]: Trying to initialize Easy Logging"}
{"level":"INFO","message":"[3:03:01.939 PM]: No client config detected."}
{"level":"INFO","message":"[3:03:01.940 PM]: No config file path found. Client config will not be used."}
{"level":"INFO","message":"[3:03:01.940 PM]: Easy Logging is disabled as no config has been found"}
{"level":"INFO","message":"[3:03:01.943 PM]: Connection[id: 6ade0d63-c0cf-4d68-8428-ad66a6297186] - connected successfully after 14.539499999999975 milliseconds"}
